#
# A fatal error has been detected by the Java Runtime Environment:
#
#  SIGSEGV (0xb) at pc=0x0000000121379fc7, pid=51857, tid=0x000000000000c713
#
# JRE version: Java(TM) SE Runtime Environment (8.0_221-b11) (build 1.8.0_221-b11)
# Java VM: Java HotSpot(TM) 64-Bit Server VM (25.221-b11 mixed mode bsd-amd64 compressed oops)
# Problematic frame:
# C  [libawt_lwawt.dylib+0x1cfc7]  OGLSD_SetScratchSurface+0x49
#
# Failed to write core dump. Core dumps have been disabled. To enable core dumping, try "ulimit -c unlimited" before starting Java again
#
# If you would like to submit a bug report, please visit:
#   http://bugreport.java.com/bugreport/crash.jsp
# The crash happened outside the Java Virtual Machine in native code.
# See problematic frame for where to report the bug.
#

---------------  T H R E A D  ---------------

Current thread (0x00007f88c5287800):  JavaThread "Java2D Queue Flusher" daemon [_thread_in_native, id=50963, stack(0x000070000960e000,0x000070000970e000)]

siginfo: si_signo: 11 (SIGSEGV), si_code: 0 (unknown), si_addr: 0x0000000000000000

Registers:
RAX=0x00000000ffffffff, RBX=0x6e6576456573756f, RCX=0x0000000000000047, RDX=0x000000012139bab4
RSP=0x000070000970d7d0, RBP=0x000070000970d7f0, RSI=0x00007f88c6336ac0, RDI=0x00007f88c52879f8
R8 =0x000000000076a1bb, R9 =0xffffffff00000000, R10=0x000000010b31b638, R11=0x00000000e805d11b
R12=0x0000000000000000, R13=0x000070000970d900, R14=0x00007f88c52879f8, R15=0x00007f88c5287800
RIP=0x0000000121379fc7, EFLAGS=0x0000000000010206, ERR=0x0000000000000000
  TRAPNO=0x000000000000000d

Top of Stack: (sp=0x000070000970d7d0)
0x000070000970d7d0:   00007f88c6336ac0 0000000000000000
0x000070000970d7e0:   00007f88c584ee10 00007f88c5287800
0x000070000970d7f0:   000070000970d870 000000012139b592
0x000070000970d800:   0000000000000064 0000000000000000
0x000070000970d810:   0000000000000064 00007f88c3fd01f8
0x000070000970d820:   000070000970d880 0000000109b52b40
0x000070000970d830:   00007f8800000005 00007f88c584ee20
0x000070000970d840:   0000000000000001 00007f88c52879f8
0x000070000970d850:   000000011ed9b668 0000000000000000
0x000070000970d860:   000070000970d980 00007f88c5287800
0x000070000970d870:   000070000970d8c0 000000010b31b6aa
0x000070000970d880:   00000007402e88c0 000000010af2a2a8
0x000070000970d890:   00000007402e8998 000000010b1541e6
0x000070000970d8a0:   00000007402e8998 000000074061aa20
0x000070000970d8b0:   000070000970d8b0 000000015a2a2c17
0x000070000970d8c0:   00000007402e88c0 000000010b15a770
0x000070000970d8d0:   000070000970d958 000000010ac042bd
0x000070000970d8e0:   000070000970d958 000000010ac042bd
0x000070000970d8f0:   0000000000000064 000000010ac042bd
0x000070000970d900:   00000007402e88c0 0000000000000001
0x000070000970d910:   00000007402e8998 000070000970d908
0x000070000970d920:   000000011ed9eeb1 000070000970d980
0x000070000970d930:   000000011ed9f778 000000015a2a4bf0
0x000070000970d940:   000000011ed9efb8 000070000970d900
0x000070000970d950:   000070000970d980 000070000970d9f0
0x000070000970d960:   000000010abfc7a7 0000000000000000
0x000070000970d970:   0000000000000000 deaddeaf00000000
0x000070000970d980:   00000007402e8998 00000007403218a0
0x000070000970d990:   0000700000001fa0 000000000000000a
0x000070000970d9a0:   00007f88c5287800 0000000000000001
0x000070000970d9b0:   000000010abfc71f 000000011ed9efb8
0x000070000970d9c0:   000070000970da88 000070000970dd20 

Instructions: (pc=0x0000000121379fc7)
0x0000000121379fa7:   c0 e9 82 00 00 00 48 8b 5e 10 48 85 db 75 0e bf
0x0000000121379fb7:   01 00 00 00 48 8d 15 cb 96 03 00 eb d6 49 89 fe
0x0000000121379fc7:   4c 8b 3b 30 c0 e8 ff bc 02 00 49 8b 3f 49 89 c4
0x0000000121379fd7:   48 8b 35 82 29 06 00 30 c0 e8 4d be 02 00 48 85 

Register to memory mapping:

RAX=0x00000000ffffffff is an unknown value
RBX=0x6e6576456573756f is an unknown value
RCX=0x0000000000000047 is an unknown value
RDX=0x000000012139bab4: Java_sun_java2d_opengl_OGLRenderQueue_flushBuffer+0xb5c in /Library/Internet Plug-Ins/JavaAppletPlugin.plugin/Contents/Home/lib/libawt_lwawt.dylib at 0x000000012135d000
RSP=0x000070000970d7d0 is pointing into the stack for thread: 0x00007f88c5287800
RBP=0x000070000970d7f0 is pointing into the stack for thread: 0x00007f88c5287800
RSI=0x00007f88c6336ac0 is an unknown value
RDI=0x00007f88c52879f8 is an unknown value
R8 =0x000000000076a1bb is an unknown value
R9 =0xffffffff00000000 is an unknown value
R10=0x000000010b31b638 is at entry_point+56 in (nmethod*)0x000000010b31b490
R11=0x00000000e805d11b is an unknown value
R12=0x0000000000000000 is an unknown value
R13=0x000070000970d900 is pointing into the stack for thread: 0x00007f88c5287800
R14=0x00007f88c52879f8 is an unknown value
R15=0x00007f88c5287800 is a thread


Stack: [0x000070000960e000,0x000070000970e000],  sp=0x000070000970d7d0,  free space=1021k
Native frames: (J=compiled Java code, j=interpreted, Vv=VM code, C=native code)
C  [libawt_lwawt.dylib+0x1cfc7]  OGLSD_SetScratchSurface+0x49
C  [libawt_lwawt.dylib+0x3e592]  Java_sun_java2d_opengl_OGLRenderQueue_flushBuffer+0x63a
J 2531  sun.java2d.opengl.OGLRenderQueue.flushBuffer(JI)V (0 bytes) @ 0x000000010b31b6aa [0x000000010b31b600+0xaa]
J 4091 C2 sun.java2d.opengl.OGLRenderQueue.access$100(Lsun/java2d/opengl/OGLRenderQueue;)V (5 bytes) @ 0x000000010b15a770 [0x000000010b15a740+0x30]
j  sun.java2d.opengl.OGLRenderQueue$QueueFlusher.run()V+81
v  ~StubRoutines::call_stub
V  [libjvm.dylib+0x2f0d1e]  JavaCalls::call_helper(JavaValue*, methodHandle*, JavaCallArguments*, Thread*)+0x6ae
V  [libjvm.dylib+0x2f14c2]  JavaCalls::call_virtual(JavaValue*, KlassHandle, Symbol*, Symbol*, JavaCallArguments*, Thread*)+0x164
V  [libjvm.dylib+0x2f166e]  JavaCalls::call_virtual(JavaValue*, Handle, KlassHandle, Symbol*, Symbol*, Thread*)+0x4a
V  [libjvm.dylib+0x34bf5d]  thread_entry(JavaThread*, Thread*)+0x7c
V  [libjvm.dylib+0x570b93]  JavaThread::thread_main_inner()+0x9b
V  [libjvm.dylib+0x57228e]  JavaThread::run()+0x1c2
V  [libjvm.dylib+0x48f30a]  java_start(Thread*)+0xf6
C  [libsystem_pthread.dylib+0x32eb]  _pthread_body+0x7e
C  [libsystem_pthread.dylib+0x6249]  _pthread_start+0x42
C  [libsystem_pthread.dylib+0x240d]  thread_start+0xd
C  0x0000000000000000

Java frames: (J=compiled Java code, j=interpreted, Vv=VM code)
J 2531  sun.java2d.opengl.OGLRenderQueue.flushBuffer(JI)V (0 bytes) @ 0x000000010b31b638 [0x000000010b31b600+0x38]
J 4091 C2 sun.java2d.opengl.OGLRenderQueue.access$100(Lsun/java2d/opengl/OGLRenderQueue;)V (5 bytes) @ 0x000000010b15a770 [0x000000010b15a740+0x30]
j  sun.java2d.opengl.OGLRenderQueue$QueueFlusher.run()V+81
v  ~StubRoutines::call_stub

---------------  P R O C E S S  ---------------

Java Threads: ( => current thread )
  0x00007f88cd166800 JavaThread "Image Fetcher 0" daemon [_thread_blocked, id=69707, stack(0x0000700009485000,0x0000700009585000)]
  0x00007f88c53b9800 JavaThread "TimerQueue" daemon [_thread_blocked, id=65851, stack(0x0000700009a9d000,0x0000700009b9d000)]
  0x00007f88c6803800 JavaThread "DestroyJavaVM" [_thread_blocked, id=9475, stack(0x0000700007d3a000,0x0000700007e3a000)]
  0x00007f88c736b000 JavaThread "AWT-EventQueue-0" [_thread_blocked, id=56855, stack(0x000070000999a000,0x0000700009a9a000)]
  0x00007f88c5a0e800 JavaThread "Java2D Disposer" daemon [_thread_blocked, id=51995, stack(0x0000700009711000,0x0000700009811000)]
=>0x00007f88c5287800 JavaThread "Java2D Queue Flusher" daemon [_thread_in_native, id=50963, stack(0x000070000960e000,0x000070000970e000)]
  0x00007f88c596e800 JavaThread "AWT-Shutdown" [_thread_blocked, id=27691, stack(0x0000700009176000,0x0000700009276000)]
  0x00007f88c596b000 JavaThread "AppKit Thread" daemon [_thread_in_native, id=775, stack(0x00007ffee6e18000,0x00007ffee7618000)]
  0x00007f88c51cf800 JavaThread "Timer-0" daemon [_thread_blocked, id=21763, stack(0x0000700009073000,0x0000700009173000)]
  0x00007f88c502d800 JavaThread "Service Thread" daemon [_thread_blocked, id=13827, stack(0x0000700008e6d000,0x0000700008f6d000)]
  0x00007f88c8000800 JavaThread "C1 CompilerThread3" daemon [_thread_blocked, id=14851, stack(0x0000700008d6a000,0x0000700008e6a000)]
  0x00007f88c4014000 JavaThread "C2 CompilerThread2" daemon [_thread_blocked, id=15363, stack(0x0000700008c67000,0x0000700008d67000)]
  0x00007f88c4013800 JavaThread "C2 CompilerThread1" daemon [_thread_blocked, id=15875, stack(0x0000700008b64000,0x0000700008c64000)]
  0x00007f88c400a800 JavaThread "C2 CompilerThread0" daemon [_thread_blocked, id=16387, stack(0x0000700008a61000,0x0000700008b61000)]
  0x00007f88c400f800 JavaThread "Signal Dispatcher" daemon [_thread_blocked, id=16899, stack(0x000070000895e000,0x0000700008a5e000)]
  0x00007f88c5820800 JavaThread "Finalizer" daemon [_thread_blocked, id=12803, stack(0x000070000885b000,0x000070000895b000)]
  0x00007f88c4001000 JavaThread "Reference Handler" daemon [_thread_blocked, id=19203, stack(0x0000700008758000,0x0000700008858000)]

Other Threads:
  0x00007f88c5029800 VMThread [stack: 0x0000700008655000,0x0000700008755000] [id=19715]
  0x00007f88c400c800 WatcherThread [stack: 0x0000700008f70000,0x0000700009070000] [id=14083]

VM state:not at safepoint (normal execution)

VM Mutex/Monitor currently owned by a thread: None

heap address: 0x0000000740000000, size: 2048 MB, Compressed Oops mode: Zero based, Oop shift amount: 3
Narrow klass base: 0x0000000000000000, Narrow klass shift: 3
Compressed class space size: 1073741824 Address: 0x00000007c0000000

Heap:
 PSYoungGen      total 37888K, used 2208K [0x0000000795580000, 0x0000000798a80000, 0x00000007c0000000)
  eden space 23552K, 9% used [0x0000000795580000,0x00000007957a81d0,0x0000000796c80000)
  from space 14336K, 0% used [0x0000000796c80000,0x0000000796c80000,0x0000000797a80000)
  to   space 15360K, 0% used [0x0000000797b80000,0x0000000797b80000,0x0000000798a80000)
 ParOldGen       total 63488K, used 11982K [0x0000000740000000, 0x0000000743e00000, 0x0000000795580000)
  object space 63488K, 18% used [0x0000000740000000,0x0000000740bb3a20,0x0000000743e00000)
 Metaspace       used 22507K, capacity 23054K, committed 23424K, reserved 1069056K
  class space    used 3213K, capacity 3344K, committed 3456K, reserved 1048576K

Card table byte_map: [0x0000000119fbc000,0x000000011a3bd000] byte_map_base: 0x00000001165bc000

Marking Bits: (ParMarkBitMap*) 0x000000010a0fbe40
 Begin Bits: [0x000000011a3bd000, 0x000000011c3bd000)
 End Bits:   [0x000000011c3bd000, 0x000000011e3bd000)

Polling page: 0x0000000108698000

CodeCache: size=245760Kb used=13938Kb max_used=13956Kb free=231821Kb
 bounds [0x000000010abfc000, 0x000000010b9bc000, 0x0000000119bfc000]
 total_blobs=4871 nmethods=4240 adapters=543
 compilation: enabled

Compilation events (10 events):
Event: 39494.728 Thread 0x00007f88c8000800 5228       3       javax.swing.JComponent::<init> (77 bytes)
Event: 39494.729 Thread 0x00007f88c8000800 nmethod 5228 0x000000010b429590 code [0x000000010b429840, 0x000000010b42a868]
Event: 39494.729 Thread 0x00007f88c8000800 5220  s    3       mars.mips.hardware.Memory::fetchWordFromTable (38 bytes)
Event: 39494.729 Thread 0x00007f88c8000800 nmethod 5220 0x000000010b99ed10 code [0x000000010b99ee80, 0x000000010b99f230]
Event: 39494.730 Thread 0x00007f88c8000800 5229       3       javax.swing.JViewport::repaint (50 bytes)
Event: 39494.730 Thread 0x00007f88c4013800 5230       4       java.lang.Class::reflectionData (49 bytes)
Event: 39494.730 Thread 0x00007f88c8000800 nmethod 5229 0x000000010b4280d0 code [0x000000010b4282e0, 0x000000010b428ee8]
Event: 39494.730 Thread 0x00007f88c8000800 5231       3       javax.swing.JComponent::scrollRectToVisible (128 bytes)
Event: 39494.731 Thread 0x00007f88c8000800 nmethod 5231 0x000000010b9a29d0 code [0x000000010b9a2be0, 0x000000010b9a3b98]
Event: 39494.731 Thread 0x00007f88c8000800 5232       3       javax.swing.JViewport::scrollRectToVisible (347 bytes)

GC Heap History (10 events):
Event: 39269.221 GC heap before
{Heap before GC invocations=85 (full 7):
 PSYoungGen      total 33280K, used 32981K [0x0000000795580000, 0x0000000798980000, 0x00000007c0000000)
  eden space 23552K, 100% used [0x0000000795580000,0x0000000796c80000,0x0000000796c80000)
  from space 9728K, 96% used [0x0000000796c80000,0x00000007975b55e8,0x0000000797600000)
  to   space 14848K, 0% used [0x0000000797b00000,0x0000000797b00000,0x0000000798980000)
 ParOldGen       total 63488K, used 49514K [0x0000000740000000, 0x0000000743e00000, 0x0000000795580000)
  object space 63488K, 77% used [0x0000000740000000,0x000000074305a8b8,0x0000000743e00000)
 Metaspace       used 22355K, capacity 22910K, committed 23168K, reserved 1069056K
  class space    used 3203K, capacity 3340K, committed 3456K, reserved 1048576K
Event: 39269.223 GC heap after
Heap after GC invocations=85 (full 7):
 PSYoungGen      total 38400K, used 11361K [0x0000000795580000, 0x0000000798980000, 0x00000007c0000000)
  eden space 23552K, 0% used [0x0000000795580000,0x0000000795580000,0x0000000796c80000)
  from space 14848K, 76% used [0x0000000797b00000,0x00000007986184b8,0x0000000798980000)
  to   space 14848K, 0% used [0x0000000796c80000,0x0000000796c80000,0x0000000797b00000)
 ParOldGen       total 63488K, used 49618K [0x0000000740000000, 0x0000000743e00000, 0x0000000795580000)
  object space 63488K, 78% used [0x0000000740000000,0x00000007430748d8,0x0000000743e00000)
 Metaspace       used 22355K, capacity 22910K, committed 23168K, reserved 1069056K
  class space    used 3203K, capacity 3340K, committed 3456K, reserved 1048576K
}
Event: 39295.235 GC heap before
{Heap before GC invocations=86 (full 7):
 PSYoungGen      total 38400K, used 34402K [0x0000000795580000, 0x0000000798980000, 0x00000007c0000000)
  eden space 23552K, 97% used [0x0000000795580000,0x0000000796c00618,0x0000000796c80000)
  from space 14848K, 76% used [0x0000000797b00000,0x00000007986184b8,0x0000000798980000)
  to   space 14848K, 0% used [0x0000000796c80000,0x0000000796c80000,0x0000000797b00000)
 ParOldGen       total 63488K, used 49618K [0x0000000740000000, 0x0000000743e00000, 0x0000000795580000)
  object space 63488K, 78% used [0x0000000740000000,0x00000007430748d8,0x0000000743e00000)
 Metaspace       used 22378K, capacity 22910K, committed 23168K, reserved 1069056K
  class space    used 3203K, capacity 3340K, committed 3456K, reserved 1048576K
Event: 39295.237 GC heap after
Heap after GC invocations=86 (full 7):
 PSYoungGen      total 38400K, used 10404K [0x0000000795580000, 0x0000000798980000, 0x00000007c0000000)
  eden space 23552K, 0% used [0x0000000795580000,0x0000000795580000,0x0000000796c80000)
  from space 14848K, 70% used [0x0000000796c80000,0x00000007976a9090,0x0000000797b00000)
  to   space 14848K, 0% used [0x0000000797b00000,0x0000000797b00000,0x0000000798980000)
 ParOldGen       total 63488K, used 49666K [0x0000000740000000, 0x0000000743e00000, 0x0000000795580000)
  object space 63488K, 78% used [0x0000000740000000,0x00000007430808d8,0x0000000743e00000)
 Metaspace       used 22378K, capacity 22910K, committed 23168K, reserved 1069056K
  class space    used 3203K, capacity 3340K, committed 3456K, reserved 1048576K
}
Event: 39492.317 GC heap before
{Heap before GC invocations=87 (full 7):
 PSYoungGen      total 38400K, used 33590K [0x0000000795580000, 0x0000000798980000, 0x00000007c0000000)
  eden space 23552K, 98% used [0x0000000795580000,0x0000000796c24ae8,0x0000000796c80000)
  from space 14848K, 70% used [0x0000000796c80000,0x00000007976a9090,0x0000000797b00000)
  to   space 14848K, 0% used [0x0000000797b00000,0x0000000797b00000,0x0000000798980000)
 ParOldGen       total 63488K, used 49666K [0x0000000740000000, 0x0000000743e00000, 0x0000000795580000)
  object space 63488K, 78% used [0x0000000740000000,0x00000007430808d8,0x0000000743e00000)
 Metaspace       used 22456K, capacity 22984K, committed 23168K, reserved 1069056K
  class space    used 3205K, capacity 3343K, committed 3456K, reserved 1048576K
Event: 39492.336 GC heap after
Heap after GC invocations=87 (full 7):
 PSYoungGen      total 37376K, used 8439K [0x0000000795580000, 0x0000000798880000, 0x00000007c0000000)
  eden space 23552K, 0% used [0x0000000795580000,0x0000000795580000,0x0000000796c80000)
  from space 13824K, 61% used [0x0000000797b00000,0x000000079833df80,0x0000000798880000)
  to   space 14336K, 0% used [0x0000000796c80000,0x0000000796c80000,0x0000000797a80000)
 ParOldGen       total 63488K, used 49754K [0x0000000740000000, 0x0000000743e00000, 0x0000000795580000)
  object space 63488K, 78% used [0x0000000740000000,0x00000007430968d8,0x0000000743e00000)
 Metaspace       used 22456K, capacity 22984K, committed 23168K, reserved 1069056K
  class space    used 3205K, capacity 3343K, committed 3456K, reserved 1048576K
}
Event: 39494.512 GC heap before
{Heap before GC invocations=88 (full 7):
 PSYoungGen      total 37376K, used 15307K [0x0000000795580000, 0x0000000798880000, 0x00000007c0000000)
  eden space 23552K, 29% used [0x0000000795580000,0x0000000795c34f00,0x0000000796c80000)
  from space 13824K, 61% used [0x0000000797b00000,0x000000079833df80,0x0000000798880000)
  to   space 14336K, 0% used [0x0000000796c80000,0x0000000796c80000,0x0000000797a80000)
 ParOldGen       total 63488K, used 49754K [0x0000000740000000, 0x0000000743e00000, 0x0000000795580000)
  object space 63488K, 78% used [0x0000000740000000,0x00000007430968d8,0x0000000743e00000)
 Metaspace       used 22472K, capacity 22984K, committed 23168K, reserved 1069056K
  class space    used 3205K, capacity 3343K, committed 3456K, reserved 1048576K
Event: 39494.527 GC heap after
Heap after GC invocations=88 (full 7):
 PSYoungGen      total 37888K, used 12928K [0x0000000795580000, 0x0000000798a80000, 0x00000007c0000000)
  eden space 23552K, 0% used [0x0000000795580000,0x0000000795580000,0x0000000796c80000)
  from space 14336K, 90% used [0x0000000796c80000,0x00000007979201b8,0x0000000797a80000)
  to   space 15360K, 0% used [0x0000000797b80000,0x0000000797b80000,0x0000000798a80000)
 ParOldGen       total 63488K, used 49866K [0x0000000740000000, 0x0000000743e00000, 0x0000000795580000)
  object space 63488K, 78% used [0x0000000740000000,0x00000007430b28d8,0x0000000743e00000)
 Metaspace       used 22472K, capacity 22984K, committed 23168K, reserved 1069056K
  class space    used 3205K, capacity 3343K, committed 3456K, reserved 1048576K
}
Event: 39494.527 GC heap before
{Heap before GC invocations=89 (full 8):
 PSYoungGen      total 37888K, used 12928K [0x0000000795580000, 0x0000000798a80000, 0x00000007c0000000)
  eden space 23552K, 0% used [0x0000000795580000,0x0000000795580000,0x0000000796c80000)
  from space 14336K, 90% used [0x0000000796c80000,0x00000007979201b8,0x0000000797a80000)
  to   space 15360K, 0% used [0x0000000797b80000,0x0000000797b80000,0x0000000798a80000)
 ParOldGen       total 63488K, used 49866K [0x0000000740000000, 0x0000000743e00000, 0x0000000795580000)
  object space 63488K, 78% used [0x0000000740000000,0x00000007430b28d8,0x0000000743e00000)
 Metaspace       used 22472K, capacity 22984K, committed 23168K, reserved 1069056K
  class space    used 3205K, capacity 3343K, committed 3456K, reserved 1048576K
Event: 39494.705 GC heap after
Heap after GC invocations=89 (full 8):
 PSYoungGen      total 37888K, used 0K [0x0000000795580000, 0x0000000798a80000, 0x00000007c0000000)
  eden space 23552K, 0% used [0x0000000795580000,0x0000000795580000,0x0000000796c80000)
  from space 14336K, 0% used [0x0000000796c80000,0x0000000796c80000,0x0000000797a80000)
  to   space 15360K, 0% used [0x0000000797b80000,0x0000000797b80000,0x0000000798a80000)
 ParOldGen       total 63488K, used 11982K [0x0000000740000000, 0x0000000743e00000, 0x0000000795580000)
  object space 63488K, 18% used [0x0000000740000000,0x0000000740bb3a20,0x0000000743e00000)
 Metaspace       used 22468K, capacity 22978K, committed 23168K, reserved 1069056K
  class space    used 3204K, capacity 3342K, committed 3456K, reserved 1048576K
}

Deoptimization events (10 events):
Event: 39492.393 Thread 0x00007f88c736b000 Uncommon trap: reason=unstable_if action=reinterpret pc=0x000000010b1036c8 method=sun.swing.SwingUtilities2.getFontMetrics(Ljavax/swing/JComponent;Ljava/awt/Graphics;Ljava/awt/Font;)Ljava/awt/FontMetrics; @ 1
Event: 39492.394 Thread 0x00007f88c736b000 Uncommon trap: reason=unstable_if action=reinterpret pc=0x000000010b8f8808 method=sun.font.CFont.getMapper()Lsun/font/CharToGlyphMapper; @ 4
Event: 39492.394 Thread 0x00007f88c736b000 Uncommon trap: reason=unstable_if action=reinterpret pc=0x000000010b79cfd4 method=sun.java2d.SunGraphics2D.checkFontInfo(Lsun/java2d/loops/FontInfo;Ljava/awt/Font;Ljava/awt/font/FontRenderContext;)Lsun/java2d/loops/FontInfo; @ 614
Event: 39492.771 Thread 0x00007f88c736b000 Uncommon trap: reason=unstable_if action=reinterpret pc=0x000000010b1abfd8 method=mars.venus.editors.jeditsyntax.JEditTextArea$CaretBlinker.actionPerformed(Ljava/awt/event/ActionEvent;)V @ 3
Event: 39493.276 Thread 0x00007f88c736b000 Uncommon trap: reason=unstable_if action=reinterpret pc=0x000000010b25a3b4 method=mars.venus.editors.jeditsyntax.JEditTextArea$CaretBlinker.actionPerformed(Ljava/awt/event/ActionEvent;)V @ 3
Event: 39493.780 Thread 0x00007f88c736b000 Uncommon trap: reason=unstable_if action=reinterpret pc=0x000000010b06c0b8 method=mars.venus.editors.jeditsyntax.JEditTextArea$CaretBlinker.actionPerformed(Ljava/awt/event/ActionEvent;)V @ 3
Event: 39494.711 Thread 0x00007f88c5287800 Uncommon trap: reason=class_check action=maybe_recompile pc=0x000000010b444058 method=sun.java2d.opengl.OGLRenderQueue$QueueFlusher.run()V @ 95
Event: 39494.712 Thread 0x00007f88c5a0e800 Uncommon trap: reason=class_check action=maybe_recompile pc=0x000000010b7120b0 method=sun.java2d.Disposer.clearDeferredRecords()V @ 35
Event: 39494.712 Thread 0x00007f88c736b000 Uncommon trap: reason=unstable_if action=reinterpret pc=0x000000010b509f4c method=java.lang.AbstractStringBuilder.append(I)Ljava/lang/AbstractStringBuilder; @ 16
Event: 39494.712 Thread 0x00007f88c736b000 Uncommon trap: reason=unstable_if action=reinterpret pc=0x000000010b75247c method=java.lang.Integer.getChars(II[C)V @ 7

Classes redefined (0 events):
No events

Internal exceptions (10 events):
Event: 9.635 Thread 0x00007f88c5820800 Exception <a 'java/lang/NullPointerException'> (0x00000007959cdc38) thrown at [/Users/java_re/workspace/8-2-build-macosx-x86_64/jdk8u221/13320/hotspot/src/share/vm/interpreter/linkResolver.cpp, line 1185]
Event: 9.636 Thread 0x00007f88c5820800 Exception <a 'java/lang/NullPointerException'> (0x00000007959cde40) thrown at [/Users/java_re/workspace/8-2-build-macosx-x86_64/jdk8u221/13320/hotspot/src/share/vm/interpreter/linkResolver.cpp, line 1185]
Event: 13.506 Thread 0x00007f88c736b000 Implicit null exception at 0x000000010b31d1b5 to 0x000000010b31e1e5
Event: 15.902 Thread 0x00007f88c736b000 Implicit null exception at 0x000000010b365cd9 to 0x000000010b3664dd
Event: 1464.908 Thread 0x00007f88c596b000 Implicit null exception at 0x000000010b51f15a to 0x000000010b520579
Event: 1464.908 Thread 0x00007f88c596b000 Implicit null exception at 0x000000010b42cf0c to 0x000000010b42d05d
Event: 1571.414 Thread 0x00007f88c736b000 Implicit null exception at 0x000000010b435ad3 to 0x000000010b438551
Event: 39492.206 Thread 0x00007f88c736b000 Implicit null exception at 0x000000010b1305d4 to 0x000000010b13061e
Event: 39492.391 Thread 0x00007f88c736b000 Implicit null exception at 0x000000010b0010fe to 0x000000010b0013a5
Event: 39492.393 Thread 0x00007f88c736b000 Implicit null exception at 0x000000010b103618 to 0x000000010b1036b5

Events (10 events):
Event: 39494.724 loading class mars/venus/LabelsWindow$LabelTableModel
Event: 39494.724 loading class mars/venus/LabelsWindow$LabelTableModel done
Event: 39494.725 loading class mars/venus/LabelsWindow$MyTippedJTable$SymbolTableHeader
Event: 39494.725 loading class mars/venus/LabelsWindow$MyTippedJTable$SymbolTableHeader done
Event: 39494.728 loading class mars/venus/LabelsWindow$MyTippedJTable$SymbolTableHeader$SymbolTableHeaderMouseListener
Event: 39494.728 loading class mars/venus/LabelsWindow$MyTippedJTable$SymbolTableHeader$SymbolTableHeaderMouseListener done
Event: 39494.729 Executing VM operation: RevokeBias
Event: 39494.729 Executing VM operation: RevokeBias done
Event: 39494.729 loading class mars/venus/LabelsWindow$LabelDisplayMouseListener
Event: 39494.729 loading class mars/venus/LabelsWindow$LabelDisplayMouseListener done


Dynamic libraries:
0x00007fff351a7000 	/System/Library/Frameworks/Cocoa.framework/Versions/A/Cocoa
0x00007fff40f55000 	/System/Library/Frameworks/Security.framework/Versions/A/Security
0x00007fff33e39000 	/System/Library/Frameworks/ApplicationServices.framework/Versions/A/ApplicationServices
0x00007fff6106f000 	/usr/lib/libz.1.dylib
0x00007fff5e9c6000 	/usr/lib/libSystem.B.dylib
0x00007fff601ff000 	/usr/lib/libobjc.A.dylib
0x00007fff35a1c000 	/System/Library/Frameworks/CoreFoundation.framework/Versions/A/CoreFoundation
0x00007fff37ca0000 	/System/Library/Frameworks/Foundation.framework/Versions/C/Foundation
0x00007fff33032000 	/System/Library/Frameworks/AppKit.framework/Versions/C/AppKit
0x00007fff355a5000 	/System/Library/Frameworks/CoreData.framework/Versions/A/CoreData
0x00007fff5848b000 	/System/Library/PrivateFrameworks/RemoteViewServices.framework/Versions/A/RemoteViewServices
0x00007fff5c702000 	/System/Library/PrivateFrameworks/UIFoundation.framework/Versions/A/UIFoundation
0x00007fff5dde7000 	/System/Library/PrivateFrameworks/XCTTargetBootstrap.framework/Versions/A/XCTTargetBootstrap
0x00007fff3592b000 	/System/Library/Frameworks/CoreDisplay.framework/Versions/A/CoreDisplay
0x00007fff5319c000 	/System/Library/PrivateFrameworks/IconServices.framework/Versions/A/IconServices
0x00007fff3a5c2000 	/System/Library/Frameworks/Metal.framework/Versions/A/Metal
0x00007fff4a6e0000 	/System/Library/PrivateFrameworks/DesktopServicesPriv.framework/Versions/A/DesktopServicesPriv
0x00007fff5f562000 	/usr/lib/libenergytrace.dylib
0x00007fff5abe9000 	/System/Library/PrivateFrameworks/SkyLight.framework/Versions/A/SkyLight
0x00007fff35e63000 	/System/Library/Frameworks/CoreGraphics.framework/Versions/A/CoreGraphics
0x00007fff31dfe000 	/System/Library/Frameworks/Accelerate.framework/Versions/A/Accelerate
0x00007fff383e9000 	/System/Library/Frameworks/IOSurface.framework/Versions/A/IOSurface
0x00007fff4a54c000 	/System/Library/PrivateFrameworks/DFRFoundation.framework/Versions/A/DFRFoundation
0x00007fff3431c000 	/System/Library/Frameworks/AudioToolbox.framework/Versions/A/AudioToolbox
0x00007fff34595000 	/System/Library/Frameworks/AudioUnit.framework/Versions/A/AudioUnit
0x00007fff4a5e1000 	/System/Library/PrivateFrameworks/DataDetectorsCore.framework/Versions/A/DataDetectorsCore
0x00007fff34caa000 	/System/Library/Frameworks/Carbon.framework/Versions/A/Frameworks/HIToolbox.framework/Versions/A/HIToolbox
0x00007fff5f6bb000 	/usr/lib/libicucore.A.dylib
0x00007fff404c8000 	/System/Library/Frameworks/QuartzCore.framework/Versions/A/QuartzCore
0x00007fff3507f000 	/System/Library/Frameworks/Carbon.framework/Versions/A/Frameworks/SpeechRecognition.framework/Versions/A/SpeechRecognition
0x00007fff5eb1a000 	/usr/lib/libauto.dylib
0x00007fff60f62000 	/usr/lib/libxml2.2.dylib
0x00007fff4a127000 	/System/Library/PrivateFrameworks/CoreUI.framework/Versions/A/CoreUI
0x00007fff35490000 	/System/Library/Frameworks/CoreAudio.framework/Versions/A/CoreAudio
0x00007fff37ad5000 	/System/Library/Frameworks/DiskArbitration.framework/Versions/A/DiskArbitration
0x00007fff5f969000 	/usr/lib/liblangid.dylib
0x00007fff545cc000 	/System/Library/PrivateFrameworks/MultitouchSupport.framework/Versions/A/MultitouchSupport
0x00007fff38358000 	/System/Library/Frameworks/IOKit.framework/Versions/A/IOKit
0x00007fff5e586000 	/usr/lib/libDiagnosticMessagesClient.dylib
0x00007fff36c73000 	/System/Library/Frameworks/CoreServices.framework/Versions/A/CoreServices
0x00007fff56286000 	/System/Library/PrivateFrameworks/PerformanceAnalysis.framework/Versions/A/PerformanceAnalysis
0x00007fff3f6af000 	/System/Library/Frameworks/OpenGL.framework/Versions/A/OpenGL
0x00007fff351b5000 	/System/Library/Frameworks/ColorSync.framework/Versions/A/ColorSync
0x00007fff364f5000 	/System/Library/Frameworks/CoreImage.framework/Versions/A/CoreImage
0x00007fff3764b000 	/System/Library/Frameworks/CoreText.framework/Versions/A/CoreText
0x00007fff3844c000 	/System/Library/Frameworks/ImageIO.framework/Versions/A/ImageIO
0x00007fff46779000 	/System/Library/PrivateFrameworks/Backup.framework/Versions/A/Backup
0x00007fff5ea6d000 	/usr/lib/libarchive.2.dylib
0x00007fff348ee000 	/System/Library/Frameworks/CFNetwork.framework/Versions/A/CFNetwork
0x00007fff416b1000 	/System/Library/Frameworks/SystemConfiguration.framework/Versions/A/SystemConfiguration
0x00007fff5e4b7000 	/usr/lib/libCRFSuite.dylib
0x00007fff5ec0b000 	/usr/lib/libc++.1.dylib
0x00007fff5ec5f000 	/usr/lib/libc++abi.dylib
0x00007fff61865000 	/usr/lib/system/libcache.dylib
0x00007fff6186a000 	/usr/lib/system/libcommonCrypto.dylib
0x00007fff61875000 	/usr/lib/system/libcompiler_rt.dylib
0x00007fff6187d000 	/usr/lib/system/libcopyfile.dylib
0x00007fff61887000 	/usr/lib/system/libcorecrypto.dylib
0x00007fff61992000 	/usr/lib/system/libdispatch.dylib
0x00007fff619cc000 	/usr/lib/system/libdyld.dylib
0x00007fff619f9000 	/usr/lib/system/libkeymgr.dylib
0x00007fff61a07000 	/usr/lib/system/liblaunch.dylib
0x00007fff61a08000 	/usr/lib/system/libmacho.dylib
0x00007fff61a0e000 	/usr/lib/system/libquarantine.dylib
0x00007fff61a11000 	/usr/lib/system/libremovefile.dylib
0x00007fff61a13000 	/usr/lib/system/libsystem_asl.dylib
0x00007fff61a2b000 	/usr/lib/system/libsystem_blocks.dylib
0x00007fff61a2c000 	/usr/lib/system/libsystem_c.dylib
0x00007fff61ab4000 	/usr/lib/system/libsystem_configuration.dylib
0x00007fff61ab8000 	/usr/lib/system/libsystem_coreservices.dylib
0x00007fff61abc000 	/usr/lib/system/libsystem_darwin.dylib
0x00007fff61ac3000 	/usr/lib/system/libsystem_dnssd.dylib
0x00007fff61aca000 	/usr/lib/system/libsystem_info.dylib
0x00007fff61b3f000 	/usr/lib/system/libsystem_m.dylib
0x00007fff61b8b000 	/usr/lib/system/libsystem_malloc.dylib
0x00007fff61bb6000 	/usr/lib/system/libsystem_networkextension.dylib
0x00007fff61bc1000 	/usr/lib/system/libsystem_notify.dylib
0x00007fff61bde000 	/usr/lib/system/libsystem_sandbox.dylib
0x00007fff61be2000 	/usr/lib/system/libsystem_secinit.dylib
0x00007fff61b16000 	/usr/lib/system/libsystem_kernel.dylib
0x00007fff61bc9000 	/usr/lib/system/libsystem_platform.dylib
0x00007fff61bd3000 	/usr/lib/system/libsystem_pthread.dylib
0x00007fff61be5000 	/usr/lib/system/libsystem_symptoms.dylib
0x00007fff61bed000 	/usr/lib/system/libsystem_trace.dylib
0x00007fff61c04000 	/usr/lib/system/libunwind.dylib
0x00007fff61c0a000 	/usr/lib/system/libxpc.dylib
0x00007fff5ebec000 	/usr/lib/libbsm.0.dylib
0x00007fff619fa000 	/usr/lib/system/libkxld.dylib
0x00007fff45b6a000 	/System/Library/PrivateFrameworks/AppleFSCompression.framework/Versions/A/AppleFSCompression
0x00007fff5e886000 	/usr/lib/libOpenScriptingUtil.dylib
0x00007fff5ef14000 	/usr/lib/libcoretls.dylib
0x00007fff5ef2b000 	/usr/lib/libcoretls_cfhelpers.dylib
0x00007fff60996000 	/usr/lib/libpam.2.dylib
0x00007fff60b56000 	/usr/lib/libsqlite3.dylib
0x00007fff60f50000 	/usr/lib/libxar.1.dylib
0x00007fff5ebfd000 	/usr/lib/libbz2.1.0.dylib
0x00007fff5f96b000 	/usr/lib/liblzma.5.dylib
0x00007fff5fe1c000 	/usr/lib/libnetwork.dylib
0x00007fff5ea56000 	/usr/lib/libapple_nghttp2.dylib
0x00007fff6099d000 	/usr/lib/libpcap.A.dylib
0x00007fff37012000 	/System/Library/Frameworks/CoreServices.framework/Versions/A/Frameworks/FSEvents.framework/Versions/A/FSEvents
0x00007fff36cf1000 	/System/Library/Frameworks/CoreServices.framework/Versions/A/Frameworks/CarbonCore.framework/Versions/A/CarbonCore
0x00007fff371cd000 	/System/Library/Frameworks/CoreServices.framework/Versions/A/Frameworks/Metadata.framework/Versions/A/Metadata
0x00007fff3726c000 	/System/Library/Frameworks/CoreServices.framework/Versions/A/Frameworks/OSServices.framework/Versions/A/OSServices
0x00007fff372b7000 	/System/Library/Frameworks/CoreServices.framework/Versions/A/Frameworks/SearchKit.framework/Versions/A/SearchKit
0x00007fff36c74000 	/System/Library/Frameworks/CoreServices.framework/Versions/A/Frameworks/AE.framework/Versions/A/AE
0x00007fff3701b000 	/System/Library/Frameworks/CoreServices.framework/Versions/A/Frameworks/LaunchServices.framework/Versions/A/LaunchServices
0x00007fff36fc9000 	/System/Library/Frameworks/CoreServices.framework/Versions/A/Frameworks/DictionaryServices.framework/Versions/A/DictionaryServices
0x00007fff3731f000 	/System/Library/Frameworks/CoreServices.framework/Versions/A/Frameworks/SharedFileList.framework/Versions/A/SharedFileList
0x00007fff3b68a000 	/System/Library/Frameworks/NetFS.framework/Versions/A/NetFS
0x00007fff54832000 	/System/Library/PrivateFrameworks/NetAuth.framework/Versions/A/NetAuth
0x00007fff5e1eb000 	/System/Library/PrivateFrameworks/login.framework/Versions/A/Frameworks/loginsupport.framework/Versions/A/loginsupport
0x00007fff5c30b000 	/System/Library/PrivateFrameworks/TCC.framework/Versions/A/TCC
0x00007fff49784000 	/System/Library/PrivateFrameworks/CoreNLP.framework/Versions/A/CoreNLP
0x00007fff542a2000 	/System/Library/PrivateFrameworks/MetadataUtilities.framework/Versions/A/MetadataUtilities
0x00007fff5fa40000 	/usr/lib/libmecabra.dylib
0x00007fff33e3a000 	/System/Library/Frameworks/ApplicationServices.framework/Versions/A/Frameworks/ATS.framework/Versions/A/ATS
0x00007fff34189000 	/System/Library/Frameworks/ApplicationServices.framework/Versions/A/Frameworks/ColorSyncLegacy.framework/Versions/A/ColorSyncLegacy
0x00007fff34228000 	/System/Library/Frameworks/ApplicationServices.framework/Versions/A/Frameworks/HIServices.framework/Versions/A/HIServices
0x00007fff3427b000 	/System/Library/Frameworks/ApplicationServices.framework/Versions/A/Frameworks/LangAnalysis.framework/Versions/A/LangAnalysis
0x00007fff3428b000 	/System/Library/Frameworks/ApplicationServices.framework/Versions/A/Frameworks/PrintCore.framework/Versions/A/PrintCore
0x00007fff342d5000 	/System/Library/Frameworks/ApplicationServices.framework/Versions/A/Frameworks/QD.framework/Versions/A/QD
0x00007fff3430f000 	/System/Library/Frameworks/ApplicationServices.framework/Versions/A/Frameworks/SpeechSynthesis.framework/Versions/A/SpeechSynthesis
0x00007fff5ec87000 	/usr/lib/libcompression.dylib
0x00007fff3a892000 	/System/Library/Frameworks/MetalPerformanceShaders.framework/Versions/A/MetalPerformanceShaders
0x00007fff31e16000 	/System/Library/Frameworks/Accelerate.framework/Versions/A/Frameworks/vImage.framework/Versions/A/vImage
0x00007fff32e90000 	/System/Library/Frameworks/Accelerate.framework/Versions/A/Frameworks/vecLib.framework/Versions/A/vecLib
0x00007fff32ddc000 	/System/Library/Frameworks/Accelerate.framework/Versions/A/Frameworks/vecLib.framework/Versions/A/libvMisc.dylib
0x00007fff32bf4000 	/System/Library/Frameworks/Accelerate.framework/Versions/A/Frameworks/vecLib.framework/Versions/A/libvDSP.dylib
0x00007fff324b0000 	/System/Library/Frameworks/Accelerate.framework/Versions/A/Frameworks/vecLib.framework/Versions/A/libBLAS.dylib
0x00007fff3279d000 	/System/Library/Frameworks/Accelerate.framework/Versions/A/Frameworks/vecLib.framework/Versions/A/libLAPACK.dylib
0x00007fff32b47000 	/System/Library/Frameworks/Accelerate.framework/Versions/A/Frameworks/vecLib.framework/Versions/A/libLinearAlgebra.dylib
0x00007fff32be0000 	/System/Library/Frameworks/Accelerate.framework/Versions/A/Frameworks/vecLib.framework/Versions/A/libSparseBLAS.dylib
0x00007fff32b5d000 	/System/Library/Frameworks/Accelerate.framework/Versions/A/Frameworks/vecLib.framework/Versions/A/libQuadrature.dylib
0x00007fff3272a000 	/System/Library/Frameworks/Accelerate.framework/Versions/A/Frameworks/vecLib.framework/Versions/A/libBNNS.dylib
0x00007fff32b63000 	/System/Library/Frameworks/Accelerate.framework/Versions/A/Frameworks/vecLib.framework/Versions/A/libSparse.dylib
0x00007fff50ad2000 	/System/Library/PrivateFrameworks/GPUWrangler.framework/Versions/A/GPUWrangler
0x00007fff52dd1000 	/System/Library/PrivateFrameworks/IOAccelerator.framework/Versions/A/IOAccelerator
0x00007fff52ddc000 	/System/Library/PrivateFrameworks/IOPresentment.framework/Versions/A/IOPresentment
0x00007fff4a55c000 	/System/Library/PrivateFrameworks/DSExternalDisplay.framework/Versions/A/DSExternalDisplay
0x00007fff3eb06000 	/System/Library/Frameworks/OpenGL.framework/Versions/A/Libraries/libCoreFSCache.dylib
0x00007fff3a686000 	/System/Library/Frameworks/MetalPerformanceShaders.framework/Frameworks/MPSCore.framework/Versions/A/MPSCore
0x00007fff3a6a6000 	/System/Library/Frameworks/MetalPerformanceShaders.framework/Frameworks/MPSImage.framework/Versions/A/MPSImage
0x00007fff3a74b000 	/System/Library/Frameworks/MetalPerformanceShaders.framework/Frameworks/MPSNeuralNetwork.framework/Versions/A/MPSNeuralNetwork
0x00007fff3a723000 	/System/Library/Frameworks/MetalPerformanceShaders.framework/Frameworks/MPSMatrix.framework/Versions/A/MPSMatrix
0x00007fff3a877000 	/System/Library/Frameworks/MetalPerformanceShaders.framework/Frameworks/MPSRayIntersector.framework/Versions/A/MPSRayIntersector
0x00007fff542cb000 	/System/Library/PrivateFrameworks/MetalTools.framework/Versions/A/MetalTools
0x00007fff45414000 	/System/Library/PrivateFrameworks/AggregateDictionary.framework/Versions/A/AggregateDictionary
0x00007fff5e866000 	/usr/lib/libMobileGestalt.dylib
0x00007fff377ae000 	/System/Library/Frameworks/CoreVideo.framework/Versions/A/CoreVideo
0x00007fff518e3000 	/System/Library/PrivateFrameworks/GraphVisualizer.framework/Versions/A/GraphVisualizer
0x00007fff4b762000 	/System/Library/PrivateFrameworks/FaceCore.framework/Versions/A/FaceCore
0x00007fff3e134000 	/System/Library/Frameworks/OpenCL.framework/Versions/A/OpenCL
0x00007fff5e5be000 	/usr/lib/libFosl_dynamic.dylib
0x00007fff5509d000 	/System/Library/PrivateFrameworks/OTSVG.framework/Versions/A/OTSVG
0x00007fff33f3e000 	/System/Library/Frameworks/ApplicationServices.framework/Versions/A/Frameworks/ATS.framework/Versions/A/Resources/libFontParser.dylib
0x00007fff34056000 	/System/Library/Frameworks/ApplicationServices.framework/Versions/A/Frameworks/ATS.framework/Versions/A/Resources/libFontRegistry.dylib
0x00007fff386bb000 	/System/Library/Frameworks/ImageIO.framework/Versions/A/Resources/libJPEG.dylib
0x00007fff389cd000 	/System/Library/Frameworks/ImageIO.framework/Versions/A/Resources/libTIFF.dylib
0x00007fff389a3000 	/System/Library/Frameworks/ImageIO.framework/Versions/A/Resources/libPng.dylib
0x00007fff385d9000 	/System/Library/Frameworks/ImageIO.framework/Versions/A/Resources/libGIF.dylib
0x00007fff385de000 	/System/Library/Frameworks/ImageIO.framework/Versions/A/Resources/libJP2.dylib
0x00007fff389ca000 	/System/Library/Frameworks/ImageIO.framework/Versions/A/Resources/libRadiance.dylib
0x00007fff45cc1000 	/System/Library/PrivateFrameworks/AppleJPEG.framework/Versions/A/AppleJPEG
0x00007fff3eb11000 	/System/Library/Frameworks/OpenGL.framework/Versions/A/Libraries/libGFXShared.dylib
0x00007fff3ecd4000 	/System/Library/Frameworks/OpenGL.framework/Versions/A/Libraries/libGLU.dylib
0x00007fff3eb1a000 	/System/Library/Frameworks/OpenGL.framework/Versions/A/Libraries/libGL.dylib
0x00007fff3eb26000 	/System/Library/Frameworks/OpenGL.framework/Versions/A/Libraries/libGLImage.dylib
0x00007fff3eb03000 	/System/Library/Frameworks/OpenGL.framework/Versions/A/Libraries/libCVMSPluginSupport.dylib
0x00007fff3eb0c000 	/System/Library/Frameworks/OpenGL.framework/Versions/A/Libraries/libCoreVMClient.dylib
0x00007fff5f3d8000 	/usr/lib/libcups.2.dylib
0x00007fff39b8d000 	/System/Library/Frameworks/Kerberos.framework/Versions/A/Kerberos
0x00007fff380bc000 	/System/Library/Frameworks/GSS.framework/Versions/A/GSS
0x00007fff60aeb000 	/usr/lib/libresolv.9.dylib
0x00007fff5f5ca000 	/usr/lib/libiconv.2.dylib
0x00007fff51a58000 	/System/Library/PrivateFrameworks/Heimdal.framework/Versions/A/Heimdal
0x00007fff5f59a000 	/usr/lib/libheimdal-asn1.dylib
0x00007fff3e1a8000 	/System/Library/Frameworks/OpenDirectory.framework/Versions/A/OpenDirectory
0x00007fff484e7000 	/System/Library/PrivateFrameworks/CommonAuth.framework/Versions/A/CommonAuth
0x00007fff3e18c000 	/System/Library/Frameworks/OpenDirectory.framework/Versions/A/Frameworks/CFOpenDirectory.framework/Versions/A/CFOpenDirectory
0x00007fff41256000 	/System/Library/Frameworks/SecurityFoundation.framework/Versions/A/SecurityFoundation
0x00007fff4495a000 	/System/Library/PrivateFrameworks/APFS.framework/Versions/A/APFS
0x00007fff60f4c000 	/usr/lib/libutil.dylib
0x00007fff5ec75000 	/usr/lib/libcharset.1.dylib
0x00007fff45f5e000 	/System/Library/PrivateFrameworks/AppleSauce.framework/Versions/A/AppleSauce
0x00007fff460df000 	/System/Library/PrivateFrameworks/AssertionServices.framework/Versions/A/AssertionServices
0x00007fff4680f000 	/System/Library/PrivateFrameworks/BaseBoard.framework/Versions/A/BaseBoard
0x00007fff5f99b000 	/usr/lib/libmecab.1.0.0.dylib
0x00007fff5f594000 	/usr/lib/libgermantok.dylib
0x00007fff5ea43000 	/usr/lib/libThaiTokenizer.dylib
0x00007fff5e4ee000 	/usr/lib/libChineseTokenizer.dylib
0x00007fff53489000 	/System/Library/PrivateFrameworks/LanguageModeling.framework/Versions/A/LanguageModeling
0x00007fff491c9000 	/System/Library/PrivateFrameworks/CoreEmoji.framework/Versions/A/CoreEmoji
0x00007fff53565000 	/System/Library/PrivateFrameworks/Lexicon.framework/Versions/A/Lexicon
0x00007fff535a8000 	/System/Library/PrivateFrameworks/LinguisticData.framework/Versions/A/LinguisticData
0x00007fff5ec76000 	/usr/lib/libcmph.dylib
0x00007fff41314000 	/System/Library/Frameworks/ServiceManagement.framework/Versions/A/ServiceManagement
0x00007fff46770000 	/System/Library/PrivateFrameworks/BackgroundTaskManagement.framework/Versions/A/BackgroundTaskManagement
0x00007fff61046000 	/usr/lib/libxslt.1.dylib
0x00007fff34fac000 	/System/Library/Frameworks/Carbon.framework/Versions/A/Frameworks/Ink.framework/Versions/A/Ink
0x00007fff5c57d000 	/System/Library/PrivateFrameworks/TextureIO.framework/Versions/A/TextureIO
0x00007fff5ea97000 	/usr/lib/libate.dylib
0x00007fff4a4ab000 	/System/Library/PrivateFrameworks/CrashReporterSupport.framework/Versions/A/CrashReporterSupport
0x00007fff59cb7000 	/System/Library/PrivateFrameworks/Sharing.framework/Versions/A/Sharing
0x00007fff464c2000 	/System/Library/PrivateFrameworks/AuthKit.framework/Versions/A/AuthKit
0x00007fff45a16000 	/System/Library/PrivateFrameworks/Apple80211.framework/Versions/A/Apple80211
0x00007fff4a253000 	/System/Library/PrivateFrameworks/CoreUtils.framework/Versions/A/CoreUtils
0x00007fff377ef000 	/System/Library/Frameworks/CoreWLAN.framework/Versions/A/CoreWLAN
0x00007fff381eb000 	/System/Library/Frameworks/IOBluetooth.framework/Versions/A/IOBluetooth
0x00007fff58127000 	/System/Library/PrivateFrameworks/ProtocolBuffer.framework/Versions/A/ProtocolBuffer
0x00007fff54528000 	/System/Library/PrivateFrameworks/MobileKeyBag.framework/Versions/A/MobileKeyBag
0x00007fff49a97000 	/System/Library/PrivateFrameworks/CorePhoneNumbers.framework/Versions/A/CorePhoneNumbers
0x00007fff45c75000 	/System/Library/PrivateFrameworks/AppleIDAuthSupport.framework/Versions/A/AppleIDAuthSupport
0x00007fff5345c000 	/System/Library/PrivateFrameworks/KeychainCircle.framework/Versions/A/KeychainCircle
0x00007fff582dd000 	/System/Library/PrivateFrameworks/ROCKit.framework/Versions/A/ROCKit
0x00007fff4a447000 	/System/Library/PrivateFrameworks/CoreWiFi.framework/Versions/A/CoreWiFi
0x00007fff3557a000 	/System/Library/Frameworks/CoreBluetooth.framework/Versions/A/CoreBluetooth
0x00007fff4a6a2000 	/System/Library/PrivateFrameworks/DebugSymbols.framework/Versions/A/DebugSymbols
0x00007fff4a013000 	/System/Library/PrivateFrameworks/CoreSymbolication.framework/Versions/A/CoreSymbolication
0x00007fff5bd98000 	/System/Library/PrivateFrameworks/Symbolication.framework/Versions/A/Symbolication
0x00007fff5b63b000 	/System/Library/PrivateFrameworks/SpeechRecognitionCore.framework/Versions/A/SpeechRecognitionCore
0x00007fff2a144000 	/System/Library/CoreServices/Encodings/libSimplifiedChineseConverter.dylib
0x0000000109800000 	/Library/Internet Plug-Ins/JavaAppletPlugin.plugin/Contents/Home/lib/server/libjvm.dylib
0x00007fff60e27000 	/usr/lib/libstdc++.6.dylib
0x0000000108654000 	/Library/Internet Plug-Ins/JavaAppletPlugin.plugin/Contents/Home/lib/libverify.dylib
0x0000000108662000 	/Library/Internet Plug-Ins/JavaAppletPlugin.plugin/Contents/Home/lib/libjava.dylib
0x00000001086e2000 	/Library/Internet Plug-Ins/JavaAppletPlugin.plugin/Contents/Home/lib/libzip.dylib
0x0000000120e26000 	/Library/Internet Plug-Ins/JavaAppletPlugin.plugin/Contents/Home/lib/libosx.dylib
0x0000000120f87000 	/Library/Internet Plug-Ins/JavaAppletPlugin.plugin/Contents/Home/lib/./libosxapp.dylib
0x00007fff39b76000 	/System/Library/Frameworks/JavaVM.framework/Versions/A/Frameworks/JavaNativeFoundation.framework/Versions/A/JavaNativeFoundation
0x00007fff39b7f000 	/System/Library/Frameworks/JavaVM.framework/Versions/A/Frameworks/JavaRuntimeSupport.framework/Versions/A/JavaRuntimeSupport
0x00007fff34ca5000 	/System/Library/Frameworks/Carbon.framework/Versions/A/Carbon
0x00007fff37c79000 	/System/Library/Frameworks/ExceptionHandling.framework/Versions/A/ExceptionHandling
0x00007fff34ca6000 	/System/Library/Frameworks/Carbon.framework/Versions/A/Frameworks/CommonPanels.framework/Versions/A/CommonPanels
0x00007fff34fa2000 	/System/Library/Frameworks/Carbon.framework/Versions/A/Frameworks/Help.framework/Versions/A/Help
0x00007fff34fa6000 	/System/Library/Frameworks/Carbon.framework/Versions/A/Frameworks/ImageCapture.framework/Versions/A/ImageCapture
0x00007fff35042000 	/System/Library/Frameworks/Carbon.framework/Versions/A/Frameworks/OpenScripting.framework/Versions/A/OpenScripting
0x00007fff3507a000 	/System/Library/Frameworks/Carbon.framework/Versions/A/Frameworks/Print.framework/Versions/A/Print
0x00007fff3507c000 	/System/Library/Frameworks/Carbon.framework/Versions/A/Frameworks/SecurityHI.framework/Versions/A/SecurityHI
0x00007fff39b88000 	/System/Library/Frameworks/JavaVM.framework/Versions/A/JavaVM
0x00007fff5337b000 	/System/Library/PrivateFrameworks/JavaLaunching.framework/Versions/A/JavaLaunching
0x00000001211e8000 	/Library/Internet Plug-Ins/JavaAppletPlugin.plugin/Contents/Home/lib/libawt.dylib
0x0000000121291000 	/Library/Internet Plug-Ins/JavaAppletPlugin.plugin/Contents/Home/lib/./libmlib_image.dylib
0x000000012135d000 	/Library/Internet Plug-Ins/JavaAppletPlugin.plugin/Contents/Home/lib/libawt_lwawt.dylib
0x00007fff49c1b000 	/System/Library/PrivateFrameworks/CoreServicesInternal.framework/Versions/A/CoreServicesInternal
0x00007fff2a17f000 	/System/Library/CoreServices/RawCamera.bundle/Contents/MacOS/RawCamera
0x00007fff5436f000 	/System/Library/PrivateFrameworks/MobileAsset.framework/Versions/A/MobileAsset
0x00007fff5bce6000 	/System/Library/PrivateFrameworks/StreamingZip.framework/Versions/A/StreamingZip
0x00007fff39f1a000 	/System/Library/Frameworks/MediaToolbox.framework/Versions/A/MediaToolbox
0x00007fff48d6d000 	/System/Library/PrivateFrameworks/CoreAVCHD.framework/Versions/A/CoreAVCHD
0x00007fff39e60000 	/System/Library/Frameworks/MediaAccessibility.framework/Versions/A/MediaAccessibility
0x00007fff53dcb000 	/System/Library/PrivateFrameworks/Mangrove.framework/Versions/A/Mangrove
0x00007fff36b12000 	/System/Library/Frameworks/CoreMedia.framework/Versions/A/CoreMedia
0x00007fff4197d000 	/System/Library/Frameworks/VideoToolbox.framework/Versions/A/VideoToolbox
0x00007fff48989000 	/System/Library/PrivateFrameworks/CoreAUC.framework/Versions/A/CoreAUC
0x00007fff60b54000 	/usr/lib/libspindump.dylib
0x00007fff46044000 	/System/Library/PrivateFrameworks/AppleVA.framework/Versions/A/AppleVA
0x00007fff31dff000 	/System/Library/Frameworks/Accelerate.framework/Versions/A/Frameworks/vImage.framework/Versions/A/Libraries/libCGInterfaces.dylib
0x00007fff340f2000 	/System/Library/Frameworks/ApplicationServices.framework/Versions/A/Frameworks/ATS.framework/Versions/A/Resources/libTrueTypeScaler.dylib
0x00007fff2efc1000 	/System/Library/Extensions/AppleIntelKBLGraphicsMTLDriver.bundle/Contents/MacOS/AppleIntelKBLGraphicsMTLDriver
0x00007fff4f431000 	/System/Library/PrivateFrameworks/GPUCompiler.framework/Versions/3902/Libraries/libmetal_timestamp.dylib
0x00007fff4bb87000 	/System/Library/PrivateFrameworks/FamilyControls.framework/Versions/A/FamilyControls
0x00007fff484da000 	/System/Library/PrivateFrameworks/CommerceKit.framework/Versions/A/Frameworks/CommerceCore.framework/Versions/A/CommerceCore
0x00007fff5c06b000 	/System/Library/PrivateFrameworks/SystemAdministration.framework/Versions/A/SystemAdministration
0x00007fff45917000 	/System/Library/PrivateFrameworks/AppContainer.framework/Versions/A/AppContainer
0x00007fff45933000 	/System/Library/PrivateFrameworks/AppSandbox.framework/Versions/A/AppSandbox
0x00007fff59b58000 	/System/Library/PrivateFrameworks/SecCodeWrapper.framework/Versions/A/SecCodeWrapper
0x00007fff60b05000 	/usr/lib/libsandbox.1.dylib
0x00007fff5e835000 	/usr/lib/libMatch.1.dylib
0x00007fff4aa27000 	/System/Library/PrivateFrameworks/DiskManagement.framework/Versions/A/DiskManagement
0x00007fff379f5000 	/System/Library/Frameworks/DirectoryService.framework/Versions/A/DirectoryService
0x00007fff4a958000 	/System/Library/PrivateFrameworks/DiskImages.framework/Versions/A/DiskImages
0x00007fff536a1000 	/System/Library/PrivateFrameworks/LoginUIKit.framework/Versions/A/Frameworks/LoginUICore.framework/Versions/A/LoginUICore
0x00007fff5e4f9000 	/usr/lib/libCoreStorage.dylib
0x00007fff5f3c5000 	/usr/lib/libcsfde.dylib
0x00007fff60985000 	/usr/lib/libodfde.dylib
0x00007fff53ee3000 	/System/Library/PrivateFrameworks/MediaKit.framework/Versions/A/MediaKit
0x00007fff37a01000 	/System/Library/Frameworks/DiscRecording.framework/Versions/A/DiscRecording
0x00007fff4ab9b000 	/System/Library/PrivateFrameworks/EFILogin.framework/Versions/A/EFILogin
0x00007fff580d2000 	/System/Library/PrivateFrameworks/ProtectedCloudStorage.framework/Versions/A/ProtectedCloudStorage
0x00007fff5f457000 	/usr/lib/libcurl.4.dylib
0x00007fff5f2c4000 	/usr/lib/libcrypto.42.dylib
0x00007fff60df7000 	/usr/lib/libssl.44.dylib
0x00007fff39ba7000 	/System/Library/Frameworks/LDAP.framework/Versions/A/LDAP
0x00007fff5c6fb000 	/System/Library/PrivateFrameworks/TrustEvaluationAgent.framework/Versions/A/TrustEvaluationAgent
0x00007fff60b41000 	/usr/lib/libsasl2.2.dylib
0x00007fff48fc6000 	/System/Library/PrivateFrameworks/CoreDaemon.framework/Versions/B/CoreDaemon
0x00007fff45f59000 	/System/Library/PrivateFrameworks/AppleSRP.framework/Versions/A/AppleSRP
0x00007fff5d536000 	/System/Library/PrivateFrameworks/ViewBridge.framework/Versions/A/ViewBridge
0x0000000120ecf000 	/usr/lib/libobjc-trampolines.dylib
0x00007fff3f6bf000 	/System/Library/Frameworks/OpenGL.framework/Versions/A/Resources/GLEngine.bundle/GLEngine
0x00007fff3eb61000 	/System/Library/Frameworks/OpenGL.framework/Versions/A/Libraries/libGLProgrammability.dylib
0x00007fff2e1ed000 	/System/Library/Extensions/AppleIntelKBLGraphicsGLDriver.bundle/Contents/MacOS/AppleIntelKBLGraphicsGLDriver
0x00007fff50ac6000 	/System/Library/PrivateFrameworks/GPUSupport.framework/Versions/A/Libraries/libGPUSupportMercury.dylib
0x00007fff3f857000 	/System/Library/Frameworks/OpenGL.framework/Versions/A/Resources/GLRendererFloat.bundle/GLRendererFloat
0x00007fff3e12b000 	/System/Library/Frameworks/OpenCL.framework/Versions/A/Libraries/libcldcpuengine.dylib
0x00007fff5f0ca000 	/usr/lib/libcrypto.35.dylib
0x00000001263b6000 	/Library/Internet Plug-Ins/JavaAppletPlugin.plugin/Contents/Home/lib/libfontmanager.dylib
0x00000001210fe000 	/Library/Internet Plug-Ins/JavaAppletPlugin.plugin/Contents/Home/lib/libosxui.dylib
0x0000000126e32000 	/Library/Internet Plug-Ins/JavaAppletPlugin.plugin/Contents/Home/lib/libjpeg.dylib
0x00000001272ff000 	/Library/Internet Plug-Ins/JavaAppletPlugin.plugin/Contents/Home/lib/libnet.dylib
0x000000012735e000 	/Library/Internet Plug-Ins/JavaAppletPlugin.plugin/Contents/Home/lib/libnio.dylib
0x00007fff47843000 	/System/Library/PrivateFrameworks/CloudDocs.framework/Versions/A/CloudDocs
0x00007fff4bbae000 	/System/Library/PrivateFrameworks/FileProvider.framework/Versions/A/FileProvider
0x00007fff5b6f9000 	/System/Library/PrivateFrameworks/SpotlightIndex.framework/Versions/A/SpotlightIndex
0x00007fff5be24000 	/System/Library/PrivateFrameworks/SymptomDiagnosticReporter.framework/Versions/A/SymptomDiagnosticReporter
0x00007fff50e65000 	/System/Library/PrivateFrameworks/GenerationalStorage.framework/Versions/A/GenerationalStorage
0x00007fff476da000 	/System/Library/PrivateFrameworks/ChunkingLibrary.framework/Versions/A/ChunkingLibrary
0x00007fff57cc6000 	/System/Library/PrivateFrameworks/PowerLog.framework/Versions/A/PowerLog
0x00007fff48dbb000 	/System/Library/PrivateFrameworks/CoreAnalytics.framework/Versions/A/CoreAnalytics
0x0000000156640000 	/Library/Internet Plug-Ins/JavaAppletPlugin.plugin/Contents/Home/lib/libdcpr.dylib

VM Arguments:
java_command: /Users/shengguangming/Desktop///Computer_OrganizeAndDesign//Mars4_5.jar
java_class_path (initial): /Users/shengguangming/Desktop///Computer_OrganizeAndDesign//Mars4_5.jar
Launcher Type: SUN_STANDARD

Environment Variables:
PATH=/usr/bin:/bin:/usr/sbin:/sbin
SHELL=/bin/bash

Signal Handlers:
SIGSEGV: [libjvm.dylib+0x5b71a7], sa_mask[0]=11111111011111110111111111111111, sa_flags=SA_ONSTACK|SA_RESTART|SA_SIGINFO
SIGBUS: [libjvm.dylib+0x5b71a7], sa_mask[0]=11111111011111110111111111111111, sa_flags=SA_RESTART|SA_SIGINFO
SIGFPE: [libjvm.dylib+0x48c8fc], sa_mask[0]=11111111011111110111111111111111, sa_flags=SA_RESTART|SA_SIGINFO
SIGPIPE: [libjvm.dylib+0x48c8fc], sa_mask[0]=11111111011111110111111111111111, sa_flags=SA_RESTART|SA_SIGINFO
SIGXFSZ: [libjvm.dylib+0x48c8fc], sa_mask[0]=11111111011111110111111111111111, sa_flags=SA_RESTART|SA_SIGINFO
SIGILL: [libjvm.dylib+0x48c8fc], sa_mask[0]=11111111011111110111111111111111, sa_flags=SA_RESTART|SA_SIGINFO
SIGUSR1: SIG_DFL, sa_mask[0]=00000000000000000000000000000000, sa_flags=none
SIGUSR2: [libjvm.dylib+0x48c41a], sa_mask[0]=00000000000000000000000000000000, sa_flags=SA_RESTART|SA_SIGINFO
SIGHUP: [libjvm.dylib+0x48a9a5], sa_mask[0]=11111111011111110111111111111111, sa_flags=SA_RESTART|SA_SIGINFO
SIGINT: [libjvm.dylib+0x48a9a5], sa_mask[0]=11111111011111110111111111111111, sa_flags=SA_RESTART|SA_SIGINFO
SIGTERM: [libjvm.dylib+0x48a9a5], sa_mask[0]=11111111011111110111111111111111, sa_flags=SA_RESTART|SA_SIGINFO
SIGQUIT: [libjvm.dylib+0x48a9a5], sa_mask[0]=11111111011111110111111111111111, sa_flags=SA_RESTART|SA_SIGINFO


---------------  S Y S T E M  ---------------

OS:Bsduname:Darwin 18.7.0 Darwin Kernel Version 18.7.0: Sun Dec  1 18:59:03 PST 2019; root:xnu-4903.278.19~1/RELEASE_X86_64 x86_64
rlimit: STACK 8192k, CORE 0k, NPROC 709, NOFILE 10240, AS infinity
load average:2.09 2.16 2.11

CPU:total 8 (initial active 8) (4 cores per cpu, 2 threads per core) family 6 model 142 stepping 10, cmov, cx8, fxsr, mmx, sse, sse2, sse3, ssse3, sse4.1, sse4.2, popcnt, avx, avx2, aes, clmul, erms, 3dnowpref, lzcnt, ht, tsc, tscinvbit, bmi1, bmi2, adx

Memory: 4k page, physical 8388608k(41680k free)

/proc/meminfo:


vm_info: Java HotSpot(TM) 64-Bit Server VM (25.221-b11) for bsd-amd64 JRE (1.8.0_221-b11), built on Jul  4 2019 04:36:22 by "java_re" with gcc 4.2.1 (Based on Apple Inc. build 5658) (LLVM build 2336.11.00)

time: Fri May 15 12:18:52 2020
timezone: CST
elapsed time: 39494 seconds (0d 10h 58m 14s)

